<?xml version="1.0" encoding="UTF-8"?>
<testng-results skipped="0" failed="0" total="1" passed="1">
  <reporter-output>
  </reporter-output>
  <suite name="Surefire suite" duration-ms="8084" started-at="2017-04-18T20:52:22Z" finished-at="2017-04-18T20:52:30Z">
    <groups>
    </groups>
    <test name="Surefire test" duration-ms="8084" started-at="2017-04-18T20:52:22Z" finished-at="2017-04-18T20:52:30Z">
      <class name="com.adeveloperdiry.ApplicationTests">
        <test-method status="PASS" signature="verifySearch()[pri:0, instance:com.adeveloperdiry.ApplicationTests@6df97b55]" name="verifySearch" duration-ms="8063" started-at="2017-04-18T15:52:22Z" finished-at="2017-04-18T15:52:30Z">
          <reporter-output>
          </reporter-output>
        </test-method> <!-- verifySearch -->
      </class> <!-- com.adeveloperdiry.ApplicationTests -->
    </test> <!-- Surefire test -->
  </suite> <!-- Surefire suite -->
</testng-results>
